[0419/014035.647:ERROR:ssl_client_socket_impl.cc(935)] handshake failed; returned -1, SSL error code 1, net_error -202
[0419/014035.694:ERROR:ssl_client_socket_impl.cc(935)] handshake failed; returned -1, SSL error code 1, net_error -202
[0419/014035.695:ERROR:ssl_client_socket_impl.cc(935)] handshake failed; returned -1, SSL error code 1, net_error -202
[0419/014035.700:ERROR:ssl_client_socket_impl.cc(935)] handshake failed; returned -1, SSL error code 1, net_error -202
[0419/014035.703:ERROR:ssl_client_socket_impl.cc(935)] handshake failed; returned -1, SSL error code 1, net_error -202
[0419/014035.706:ERROR:ssl_client_socket_impl.cc(935)] handshake failed; returned -1, SSL error code 1, net_error -202
[0419/014035.710:ERROR:ssl_client_socket_impl.cc(935)] handshake failed; returned -1, SSL error code 1, net_error -202
[0419/014035.713:ERROR:ssl_client_socket_impl.cc(935)] handshake failed; returned -1, SSL error code 1, net_error -202
[0419/014035.718:ERROR:ssl_client_socket_impl.cc(935)] handshake failed; returned -1, SSL error code 1, net_error -202
[0419/014035.721:ERROR:ssl_client_socket_impl.cc(935)] handshake failed; returned -1, SSL error code 1, net_error -202
[0419/014035.724:ERROR:ssl_client_socket_impl.cc(935)] handshake failed; returned -1, SSL error code 1, net_error -202
[0419/014035.728:ERROR:ssl_client_socket_impl.cc(935)] handshake failed; returned -1, SSL error code 1, net_error -202
[0419/014035.730:ERROR:ssl_client_socket_impl.cc(935)] handshake failed; returned -1, SSL error code 1, net_error -202
[0419/014035.741:ERROR:ssl_client_socket_impl.cc(935)] handshake failed; returned -1, SSL error code 1, net_error -202
[0419/014035.746:ERROR:ssl_client_socket_impl.cc(935)] handshake failed; returned -1, SSL error code 1, net_error -202
[0419/014035.937:INFO:CONSOLE(0)] "Uncaught (in promise) #<Object>", source: https://127.0.0.1:51338/login/passphrase?passphrase=75c42aef-3237-44b8-b457-f5ccdd6fe5bf (0)
[0419/014035.950:ERROR:ssl_client_socket_impl.cc(935)] handshake failed; returned -1, SSL error code 1, net_error -202
[0419/014035.980:ERROR:ssl_client_socket_impl.cc(935)] handshake failed; returned -1, SSL error code 1, net_error -202
[0419/014036.519:INFO:CONSOLE(0)] "Access to XMLHttpRequest at 'https://software.intel.com/sites/products/vtune/news.json?id=1587256836062' from origin 'https://127.0.0.1:51338' has been blocked by CORS policy: Request header field csrf-token is not allowed by Access-Control-Allow-Headers in preflight response.", source: https://127.0.0.1:51338/extension-ui/Session-1-1587256834753?passphrase=75c42aef-3237-44b8-b457-f5ccdd6fe5bf (0)
[0419/014038.848:ERROR:ssl_client_socket_impl.cc(935)] handshake failed; returned -1, SSL error code 1, net_error -202
[0419/014038.875:ERROR:ssl_client_socket_impl.cc(935)] handshake failed; returned -1, SSL error code 1, net_error -202
[0419/014038.946:ERROR:ssl_client_socket_impl.cc(935)] handshake failed; returned -1, SSL error code 1, net_error -202
[0419/014045.232:ERROR:ssl_client_socket_impl.cc(935)] handshake failed; returned -1, SSL error code 1, net_error -202
[0419/014125.494:ERROR:ssl_client_socket_impl.cc(935)] handshake failed; returned -1, SSL error code 1, net_error -202
[0419/014139.225:ERROR:ssl_client_socket_impl.cc(935)] handshake failed; returned -1, SSL error code 1, net_error -202
[0419/014140.217:ERROR:ssl_client_socket_impl.cc(935)] handshake failed; returned -1, SSL error code 1, net_error -202
[0419/014140.321:ERROR:ssl_client_socket_impl.cc(935)] handshake failed; returned -1, SSL error code 1, net_error -202
[0419/014140.489:ERROR:ssl_client_socket_impl.cc(935)] handshake failed; returned -1, SSL error code 1, net_error -202
[0419/014140.563:ERROR:ssl_client_socket_impl.cc(935)] handshake failed; returned -1, SSL error code 1, net_error -202
[0419/014140.566:ERROR:ssl_client_socket_impl.cc(935)] handshake failed; returned -1, SSL error code 1, net_error -202
[0419/014140.573:ERROR:ssl_client_socket_impl.cc(935)] handshake failed; returned -1, SSL error code 1, net_error -202
[0419/014140.577:ERROR:ssl_client_socket_impl.cc(935)] handshake failed; returned -1, SSL error code 1, net_error -202
[0419/014140.583:ERROR:ssl_client_socket_impl.cc(935)] handshake failed; returned -1, SSL error code 1, net_error -202
[0419/014140.586:ERROR:ssl_client_socket_impl.cc(935)] handshake failed; returned -1, SSL error code 1, net_error -202
[0419/014140.594:ERROR:ssl_client_socket_impl.cc(935)] handshake failed; returned -1, SSL error code 1, net_error -202
[0419/014140.599:ERROR:ssl_client_socket_impl.cc(935)] handshake failed; returned -1, SSL error code 1, net_error -202
[0419/014230.623:ERROR:ssl_client_socket_impl.cc(935)] handshake failed; returned -1, SSL error code 1, net_error -202
[0419/014230.691:ERROR:ssl_client_socket_impl.cc(935)] handshake failed; returned -1, SSL error code 1, net_error -202
[0419/014230.691:ERROR:ssl_client_socket_impl.cc(935)] handshake failed; returned -1, SSL error code 1, net_error -202
[0419/014230.696:ERROR:ssl_client_socket_impl.cc(935)] handshake failed; returned -1, SSL error code 1, net_error -202
[0419/014230.711:INFO:CONSOLE(68)] "Ignore config query 'Thread'(/GenericThread) because of duplicate display name!", source: https://127.0.0.1:51338/htmlutil/htmlutil-607630.js (68)
[0419/014230.713:ERROR:ssl_client_socket_impl.cc(935)] handshake failed; returned -1, SSL error code 1, net_error -202
[0419/014230.720:ERROR:ssl_client_socket_impl.cc(935)] handshake failed; returned -1, SSL error code 1, net_error -202
[0419/014230.729:ERROR:ssl_client_socket_impl.cc(935)] handshake failed; returned -1, SSL error code 1, net_error -202
[0419/014230.733:ERROR:ssl_client_socket_impl.cc(935)] handshake failed; returned -1, SSL error code 1, net_error -202
[0419/014230.744:ERROR:ssl_client_socket_impl.cc(935)] handshake failed; returned -1, SSL error code 1, net_error -202
[0419/014230.754:ERROR:ssl_client_socket_impl.cc(935)] handshake failed; returned -1, SSL error code 1, net_error -202
[0419/014230.761:ERROR:ssl_client_socket_impl.cc(935)] handshake failed; returned -1, SSL error code 1, net_error -202
[0419/014230.766:ERROR:ssl_client_socket_impl.cc(935)] handshake failed; returned -1, SSL error code 1, net_error -202
[0419/014230.772:ERROR:ssl_client_socket_impl.cc(935)] handshake failed; returned -1, SSL error code 1, net_error -202
[0419/014230.776:ERROR:ssl_client_socket_impl.cc(935)] handshake failed; returned -1, SSL error code 1, net_error -202
[0419/014230.781:ERROR:ssl_client_socket_impl.cc(935)] handshake failed; returned -1, SSL error code 1, net_error -202
[0419/014230.786:ERROR:ssl_client_socket_impl.cc(935)] handshake failed; returned -1, SSL error code 1, net_error -202
[0419/014230.791:ERROR:ssl_client_socket_impl.cc(935)] handshake failed; returned -1, SSL error code 1, net_error -202
[0419/014230.795:ERROR:ssl_client_socket_impl.cc(935)] handshake failed; returned -1, SSL error code 1, net_error -202
[0419/014230.800:ERROR:ssl_client_socket_impl.cc(935)] handshake failed; returned -1, SSL error code 1, net_error -202
[0419/014230.805:ERROR:ssl_client_socket_impl.cc(935)] handshake failed; returned -1, SSL error code 1, net_error -202
[0419/014230.809:ERROR:ssl_client_socket_impl.cc(935)] handshake failed; returned -1, SSL error code 1, net_error -202
[0419/014230.814:ERROR:ssl_client_socket_impl.cc(935)] handshake failed; returned -1, SSL error code 1, net_error -202
[0419/014230.818:ERROR:ssl_client_socket_impl.cc(935)] handshake failed; returned -1, SSL error code 1, net_error -202
[0419/014230.822:ERROR:ssl_client_socket_impl.cc(935)] handshake failed; returned -1, SSL error code 1, net_error -202
[0419/014231.002:INFO:CONSOLE(68)] "No selection filter is set yet", source: https://127.0.0.1:51338/htmlutil/htmlutil-607630.js (68)
[0419/014245.439:ERROR:ssl_client_socket_impl.cc(935)] handshake failed; returned -1, SSL error code 1, net_error -202
[0419/014245.447:ERROR:ssl_client_socket_impl.cc(935)] handshake failed; returned -1, SSL error code 1, net_error -202
[0419/014251.059:ERROR:ssl_client_socket_impl.cc(935)] handshake failed; returned -1, SSL error code 1, net_error -202
[0419/014256.968:ERROR:ssl_client_socket_impl.cc(935)] handshake failed; returned -1, SSL error code 1, net_error -202
[0419/014259.329:ERROR:ssl_client_socket_impl.cc(935)] handshake failed; returned -1, SSL error code 1, net_error -202
[0419/014259.346:ERROR:ssl_client_socket_impl.cc(935)] handshake failed; returned -1, SSL error code 1, net_error -202
[0419/014259.420:ERROR:ssl_client_socket_impl.cc(935)] handshake failed; returned -1, SSL error code 1, net_error -202
[0419/014259.452:ERROR:ssl_client_socket_impl.cc(935)] handshake failed; returned -1, SSL error code 1, net_error -202
[0419/014259.452:ERROR:ssl_client_socket_impl.cc(935)] handshake failed; returned -1, SSL error code 1, net_error -202
[0419/014259.467:INFO:CONSOLE(68)] "[object Object]", source: https://127.0.0.1:51338/htmlutil/htmlutil-607630.js (68)
[0419/014259.640:ERROR:ssl_client_socket_impl.cc(935)] handshake failed; returned -1, SSL error code 1, net_error -202
[0419/014311.262:ERROR:ssl_client_socket_impl.cc(935)] handshake failed; returned -1, SSL error code 1, net_error -202
[0419/014320.616:ERROR:ssl_client_socket_impl.cc(935)] handshake failed; returned -1, SSL error code 1, net_error -202
[0419/014324.631:ERROR:ssl_client_socket_impl.cc(935)] handshake failed; returned -1, SSL error code 1, net_error -202
[0419/014346.550:ERROR:ssl_client_socket_impl.cc(935)] handshake failed; returned -1, SSL error code 1, net_error -202
[0419/014353.156:ERROR:ssl_client_socket_impl.cc(935)] handshake failed; returned -1, SSL error code 1, net_error -202
[0419/014353.156:ERROR:ssl_client_socket_impl.cc(935)] handshake failed; returned -1, SSL error code 1, net_error -202
[0419/014353.169:ERROR:ssl_client_socket_impl.cc(935)] handshake failed; returned -1, SSL error code 1, net_error -202
[0419/014353.172:ERROR:ssl_client_socket_impl.cc(935)] handshake failed; returned -1, SSL error code 1, net_error -202
[0419/014353.176:ERROR:ssl_client_socket_impl.cc(935)] handshake failed; returned -1, SSL error code 1, net_error -202
[0419/014353.184:ERROR:ssl_client_socket_impl.cc(935)] handshake failed; returned -1, SSL error code 1, net_error -202
[0419/014353.187:ERROR:ssl_client_socket_impl.cc(935)] handshake failed; returned -1, SSL error code 1, net_error -202
[0419/014353.190:ERROR:ssl_client_socket_impl.cc(935)] handshake failed; returned -1, SSL error code 1, net_error -202
[0419/014353.194:ERROR:ssl_client_socket_impl.cc(935)] handshake failed; returned -1, SSL error code 1, net_error -202
[0419/014353.195:ERROR:ssl_client_socket_impl.cc(935)] handshake failed; returned -1, SSL error code 1, net_error -202
[0419/014353.198:ERROR:ssl_client_socket_impl.cc(935)] handshake failed; returned -1, SSL error code 1, net_error -202
[0419/014353.205:ERROR:ssl_client_socket_impl.cc(935)] handshake failed; returned -1, SSL error code 1, net_error -202
[0419/014353.208:ERROR:ssl_client_socket_impl.cc(935)] handshake failed; returned -1, SSL error code 1, net_error -202
[0419/014353.211:ERROR:ssl_client_socket_impl.cc(935)] handshake failed; returned -1, SSL error code 1, net_error -202
[0419/014353.217:ERROR:ssl_client_socket_impl.cc(935)] handshake failed; returned -1, SSL error code 1, net_error -202
[0419/014353.221:ERROR:ssl_client_socket_impl.cc(935)] handshake failed; returned -1, SSL error code 1, net_error -202
[0419/014353.224:ERROR:ssl_client_socket_impl.cc(935)] handshake failed; returned -1, SSL error code 1, net_error -202
[0419/014353.232:ERROR:ssl_client_socket_impl.cc(935)] handshake failed; returned -1, SSL error code 1, net_error -202
[0419/014353.236:ERROR:ssl_client_socket_impl.cc(935)] handshake failed; returned -1, SSL error code 1, net_error -202
[0419/014353.239:ERROR:ssl_client_socket_impl.cc(935)] handshake failed; returned -1, SSL error code 1, net_error -202
[0419/014353.244:ERROR:ssl_client_socket_impl.cc(935)] handshake failed; returned -1, SSL error code 1, net_error -202
[0419/014401.225:INFO:CONSOLE(68)] "[object Object]", source: https://127.0.0.1:51338/htmlutil/htmlutil-607630.js (68)
[0419/014401.239:INFO:CONSOLE(68)] "[object Object]", source: https://127.0.0.1:51338/htmlutil/htmlutil-607630.js (68)
[0419/014401.256:INFO:CONSOLE(68)] "[object Object]", source: https://127.0.0.1:51338/htmlutil/htmlutil-607630.js (68)
[0419/014401.458:INFO:CONSOLE(68)] "[object Object]", source: https://127.0.0.1:51338/htmlutil/htmlutil-607630.js (68)
[0419/014403.027:ERROR:ssl_client_socket_impl.cc(935)] handshake failed; returned -1, SSL error code 1, net_error -202
[0419/014403.091:ERROR:ssl_client_socket_impl.cc(935)] handshake failed; returned -1, SSL error code 1, net_error -202
[0419/014403.096:ERROR:ssl_client_socket_impl.cc(935)] handshake failed; returned -1, SSL error code 1, net_error -202
[0419/014408.986:ERROR:ssl_client_socket_impl.cc(935)] handshake failed; returned -1, SSL error code 1, net_error -202
[0419/014409.008:ERROR:ssl_client_socket_impl.cc(935)] handshake failed; returned -1, SSL error code 1, net_error -202
[0419/014409.124:ERROR:ssl_client_socket_impl.cc(935)] handshake failed; returned -1, SSL error code 1, net_error -202
[0419/014434.808:ERROR:ssl_client_socket_impl.cc(935)] handshake failed; returned -1, SSL error code 1, net_error -202
[0419/014438.435:ERROR:ssl_client_socket_impl.cc(935)] handshake failed; returned -1, SSL error code 1, net_error -202
[0419/014438.442:ERROR:ssl_client_socket_impl.cc(935)] handshake failed; returned -1, SSL error code 1, net_error -202
[0419/014439.654:ERROR:ssl_client_socket_impl.cc(935)] handshake failed; returned -1, SSL error code 1, net_error -202
[0419/014440.442:ERROR:ssl_client_socket_impl.cc(935)] handshake failed; returned -1, SSL error code 1, net_error -202
[0419/014459.014:ERROR:ssl_client_socket_impl.cc(935)] handshake failed; returned -1, SSL error code 1, net_error -202
[0419/014459.150:ERROR:ssl_client_socket_impl.cc(935)] handshake failed; returned -1, SSL error code 1, net_error -202
[0419/114537.648:ERROR:ssl_client_socket_impl.cc(935)] handshake failed; returned -1, SSL error code 1, net_error -202
[0419/114537.766:ERROR:ssl_client_socket_impl.cc(935)] handshake failed; returned -1, SSL error code 1, net_error -202
[0419/114537.768:ERROR:ssl_client_socket_impl.cc(935)] handshake failed; returned -1, SSL error code 1, net_error -202
[0419/114537.772:ERROR:ssl_client_socket_impl.cc(935)] handshake failed; returned -1, SSL error code 1, net_error -202
[0419/114537.776:ERROR:ssl_client_socket_impl.cc(935)] handshake failed; returned -1, SSL error code 1, net_error -202
[0419/114537.780:ERROR:ssl_client_socket_impl.cc(935)] handshake failed; returned -1, SSL error code 1, net_error -202
[0419/114537.783:ERROR:ssl_client_socket_impl.cc(935)] handshake failed; returned -1, SSL error code 1, net_error -202
[0419/114537.786:ERROR:ssl_client_socket_impl.cc(935)] handshake failed; returned -1, SSL error code 1, net_error -202
[0419/114537.789:ERROR:ssl_client_socket_impl.cc(935)] handshake failed; returned -1, SSL error code 1, net_error -202
[0419/114537.794:ERROR:ssl_client_socket_impl.cc(935)] handshake failed; returned -1, SSL error code 1, net_error -202
[0419/114537.798:ERROR:ssl_client_socket_impl.cc(935)] handshake failed; returned -1, SSL error code 1, net_error -202
[0419/114537.801:ERROR:ssl_client_socket_impl.cc(935)] handshake failed; returned -1, SSL error code 1, net_error -202
[0419/114537.805:ERROR:ssl_client_socket_impl.cc(935)] handshake failed; returned -1, SSL error code 1, net_error -202
[0419/114537.808:ERROR:ssl_client_socket_impl.cc(935)] handshake failed; returned -1, SSL error code 1, net_error -202
[0419/114537.821:ERROR:ssl_client_socket_impl.cc(935)] handshake failed; returned -1, SSL error code 1, net_error -202
[0419/114538.007:INFO:CONSOLE(0)] "Uncaught (in promise) #<Object>", source: https://127.0.0.1:53275/login/passphrase?passphrase=353ac24a-814e-438b-a1c6-d40622d7662f (0)
[0419/114538.020:ERROR:ssl_client_socket_impl.cc(935)] handshake failed; returned -1, SSL error code 1, net_error -202
[0419/114538.049:ERROR:ssl_client_socket_impl.cc(935)] handshake failed; returned -1, SSL error code 1, net_error -202
[0419/114538.932:INFO:CONSOLE(0)] "Access to XMLHttpRequest at 'https://software.intel.com/sites/products/vtune/news.json?id=1587293138131' from origin 'https://127.0.0.1:53275' has been blocked by CORS policy: Request header field csrf-token is not allowed by Access-Control-Allow-Headers in preflight response.", source: https://127.0.0.1:53275/extension-ui/Session-1-1587293136729?passphrase=353ac24a-814e-438b-a1c6-d40622d7662f (0)
[0419/114734.686:ERROR:ssl_client_socket_impl.cc(935)] handshake failed; returned -1, SSL error code 1, net_error -202
[0419/114734.837:ERROR:ssl_client_socket_impl.cc(935)] handshake failed; returned -1, SSL error code 1, net_error -202
[0419/114734.841:ERROR:ssl_client_socket_impl.cc(935)] handshake failed; returned -1, SSL error code 1, net_error -202
[0419/114734.844:ERROR:ssl_client_socket_impl.cc(935)] handshake failed; returned -1, SSL error code 1, net_error -202
[0419/114734.847:ERROR:ssl_client_socket_impl.cc(935)] handshake failed; returned -1, SSL error code 1, net_error -202
[0419/114734.850:ERROR:ssl_client_socket_impl.cc(935)] handshake failed; returned -1, SSL error code 1, net_error -202
[0419/114734.856:ERROR:ssl_client_socket_impl.cc(935)] handshake failed; returned -1, SSL error code 1, net_error -202
[0419/114734.859:ERROR:ssl_client_socket_impl.cc(935)] handshake failed; returned -1, SSL error code 1, net_error -202
[0419/114734.863:ERROR:ssl_client_socket_impl.cc(935)] handshake failed; returned -1, SSL error code 1, net_error -202
[0419/114734.866:ERROR:ssl_client_socket_impl.cc(935)] handshake failed; returned -1, SSL error code 1, net_error -202
[0419/114734.869:ERROR:ssl_client_socket_impl.cc(935)] handshake failed; returned -1, SSL error code 1, net_error -202
[0419/114734.876:ERROR:ssl_client_socket_impl.cc(935)] handshake failed; returned -1, SSL error code 1, net_error -202
[0419/114734.879:ERROR:ssl_client_socket_impl.cc(935)] handshake failed; returned -1, SSL error code 1, net_error -202
[0419/114734.882:ERROR:ssl_client_socket_impl.cc(935)] handshake failed; returned -1, SSL error code 1, net_error -202
[0419/114734.885:ERROR:ssl_client_socket_impl.cc(935)] handshake failed; returned -1, SSL error code 1, net_error -202
[0419/114735.087:ERROR:ssl_client_socket_impl.cc(935)] handshake failed; returned -1, SSL error code 1, net_error -202
[0419/114735.116:ERROR:ssl_client_socket_impl.cc(935)] handshake failed; returned -1, SSL error code 1, net_error -202
[0419/114735.188:ERROR:ssl_client_socket_impl.cc(935)] handshake failed; returned -1, SSL error code 1, net_error -202
[0419/114745.584:ERROR:ssl_client_socket_impl.cc(935)] handshake failed; returned -1, SSL error code 1, net_error -202
[0419/114753.381:ERROR:ssl_client_socket_impl.cc(935)] handshake failed; returned -1, SSL error code 1, net_error -202
